<?xml version="1.0" encoding="UTF-8"?>
<testsuite name="hw.AppTest" tests="1" skipped="0" failures="0" errors="0" timestamp="2019-03-10T06:06:00" hostname="DESKTOP-O0FB5QR" time="0.002">
  <properties/>
  <testcase name="testAppHasAGreeting" classname="hw.AppTest" time="0.002"/>
  <system-out><![CDATA[]]></system-out>
  <system-err><![CDATA[]]></system-err>
</testsuite>
