<?xml version="1.0" encoding="UTF-8"?>
<testsuite xmlns:xsi="http://www.w3.org/2001/XMLSchema-instance" xsi:noNamespaceSchemaLocation="https://maven.apache.org/surefire/maven-surefire-plugin/xsd/surefire-test-report.xsd" name="hello.HelloWorldApplicationTest" time="6.782" tests="2" errors="0" skipped="0" failures="0">
  <properties>
    <property name="sun.desktop" value="windows"/>
    <property name="awt.toolkit" value="sun.awt.windows.WToolkit"/>
    <property name="file.encoding.pkg" value="sun.io"/>
    <property name="java.specification.version" value="1.8"/>
    <property name="sun.cpu.isalist" value="amd64"/>
    <property name="sun.jnu.encoding" value="GBK"/>
    <property name="java.class.path" value="E:\IDEAprojects\actuatorDemo\target\test-classes;E:\IDEAprojects\actuatorDemo\target\classes;E:\apache-maven-3.6.0\myrepo\org\springframework\boot\spring-boot-starter-web\2.0.5.RELEASE\spring-boot-starter-web-2.0.5.RELEASE.jar;E:\apache-maven-3.6.0\myrepo\org\springframework\boot\spring-boot-starter\2.0.5.RELEASE\spring-boot-starter-2.0.5.RELEASE.jar;E:\apache-maven-3.6.0\myrepo\org\springframework\boot\spring-boot\2.0.5.RELEASE\spring-boot-2.0.5.RELEASE.jar;E:\apache-maven-3.6.0\myrepo\org\springframework\boot\spring-boot-autoconfigure\2.0.5.RELEASE\spring-boot-autoconfigure-2.0.5.RELEASE.jar;E:\apache-maven-3.6.0\myrepo\org\springframework\boot\spring-boot-starter-logging\2.0.5.RELEASE\spring-boot-starter-logging-2.0.5.RELEASE.jar;E:\apache-maven-3.6.0\myrepo\ch\qos\logback\logback-classic\1.2.3\logback-classic-1.2.3.jar;E:\apache-maven-3.6.0\myrepo\ch\qos\logback\logback-core\1.2.3\logback-core-1.2.3.jar;E:\apache-maven-3.6.0\myrepo\org\apache\logging\log4j\log4j-to-slf4j\2.10.0\log4j-to-slf4j-2.10.0.jar;E:\apache-maven-3.6.0\myrepo\org\apache\logging\log4j\log4j-api\2.10.0\log4j-api-2.10.0.jar;E:\apache-maven-3.6.0\myrepo\org\slf4j\jul-to-slf4j\1.7.25\jul-to-slf4j-1.7.25.jar;E:\apache-maven-3.6.0\myrepo\javax\annotation\javax.annotation-api\1.3.2\javax.annotation-api-1.3.2.jar;E:\apache-maven-3.6.0\myrepo\org\yaml\snakeyaml\1.19\snakeyaml-1.19.jar;E:\apache-maven-3.6.0\myrepo\org\springframework\boot\spring-boot-starter-json\2.0.5.RELEASE\spring-boot-starter-json-2.0.5.RELEASE.jar;E:\apache-maven-3.6.0\myrepo\com\fasterxml\jackson\core\jackson-databind\2.9.6\jackson-databind-2.9.6.jar;E:\apache-maven-3.6.0\myrepo\com\fasterxml\jackson\core\jackson-annotations\2.9.0\jackson-annotations-2.9.0.jar;E:\apache-maven-3.6.0\myrepo\com\fasterxml\jackson\core\jackson-core\2.9.6\jackson-core-2.9.6.jar;E:\apache-maven-3.6.0\myrepo\com\fasterxml\jackson\datatype\jackson-datatype-jdk8\2.9.6\jackson-datatype-jdk8-2.9.6.jar;E:\apache-maven-3.6.0\myrepo\com\fasterxml\jackson\datatype\jackson-datatype-jsr310\2.9.6\jackson-datatype-jsr310-2.9.6.jar;E:\apache-maven-3.6.0\myrepo\com\fasterxml\jackson\module\jackson-module-parameter-names\2.9.6\jackson-module-parameter-names-2.9.6.jar;E:\apache-maven-3.6.0\myrepo\org\springframework\boot\spring-boot-starter-tomcat\2.0.5.RELEASE\spring-boot-starter-tomcat-2.0.5.RELEASE.jar;E:\apache-maven-3.6.0\myrepo\org\apache\tomcat\embed\tomcat-embed-core\8.5.34\tomcat-embed-core-8.5.34.jar;E:\apache-maven-3.6.0\myrepo\org\apache\tomcat\embed\tomcat-embed-el\8.5.34\tomcat-embed-el-8.5.34.jar;E:\apache-maven-3.6.0\myrepo\org\apache\tomcat\embed\tomcat-embed-websocket\8.5.34\tomcat-embed-websocket-8.5.34.jar;E:\apache-maven-3.6.0\myrepo\org\hibernate\validator\hibernate-validator\6.0.12.Final\hibernate-validator-6.0.12.Final.jar;E:\apache-maven-3.6.0\myrepo\javax\validation\validation-api\2.0.1.Final\validation-api-2.0.1.Final.jar;E:\apache-maven-3.6.0\myrepo\org\jboss\logging\jboss-logging\3.3.2.Final\jboss-logging-3.3.2.Final.jar;E:\apache-maven-3.6.0\myrepo\com\fasterxml\classmate\1.3.4\classmate-1.3.4.jar;E:\apache-maven-3.6.0\myrepo\org\springframework\spring-web\5.0.9.RELEASE\spring-web-5.0.9.RELEASE.jar;E:\apache-maven-3.6.0\myrepo\org\springframework\spring-beans\5.0.9.RELEASE\spring-beans-5.0.9.RELEASE.jar;E:\apache-maven-3.6.0\myrepo\org\springframework\spring-webmvc\5.0.9.RELEASE\spring-webmvc-5.0.9.RELEASE.jar;E:\apache-maven-3.6.0\myrepo\org\springframework\spring-aop\5.0.9.RELEASE\spring-aop-5.0.9.RELEASE.jar;E:\apache-maven-3.6.0\myrepo\org\springframework\spring-context\5.0.9.RELEASE\spring-context-5.0.9.RELEASE.jar;E:\apache-maven-3.6.0\myrepo\org\springframework\spring-expression\5.0.9.RELEASE\spring-expression-5.0.9.RELEASE.jar;E:\apache-maven-3.6.0\myrepo\org\springframework\boot\spring-boot-starter-actuator\2.0.5.RELEASE\spring-boot-starter-actuator-2.0.5.RELEASE.jar;E:\apache-maven-3.6.0\myrepo\org\springframework\boot\spring-boot-actuator-autoconfigure\2.0.5.RELEASE\spring-boot-actuator-autoconfigure-2.0.5.RELEASE.jar;E:\apache-maven-3.6.0\myrepo\org\springframework\boot\spring-boot-actuator\2.0.5.RELEASE\spring-boot-actuator-2.0.5.RELEASE.jar;E:\apache-maven-3.6.0\myrepo\io\micrometer\micrometer-core\1.0.6\micrometer-core-1.0.6.jar;E:\apache-maven-3.6.0\myrepo\org\hdrhistogram\HdrHistogram\2.1.10\HdrHistogram-2.1.10.jar;E:\apache-maven-3.6.0\myrepo\org\latencyutils\LatencyUtils\2.0.3\LatencyUtils-2.0.3.jar;E:\apache-maven-3.6.0\myrepo\org\springframework\boot\spring-boot-starter-test\2.0.5.RELEASE\spring-boot-starter-test-2.0.5.RELEASE.jar;E:\apache-maven-3.6.0\myrepo\org\springframework\boot\spring-boot-test\2.0.5.RELEASE\spring-boot-test-2.0.5.RELEASE.jar;E:\apache-maven-3.6.0\myrepo\org\springframework\boot\spring-boot-test-autoconfigure\2.0.5.RELEASE\spring-boot-test-autoconfigure-2.0.5.RELEASE.jar;E:\apache-maven-3.6.0\myrepo\com\jayway\jsonpath\json-path\2.4.0\json-path-2.4.0.jar;E:\apache-maven-3.6.0\myrepo\net\minidev\json-smart\2.3\json-smart-2.3.jar;E:\apache-maven-3.6.0\myrepo\net\minidev\accessors-smart\1.2\accessors-smart-1.2.jar;E:\apache-maven-3.6.0\myrepo\org\ow2\asm\asm\5.0.4\asm-5.0.4.jar;E:\apache-maven-3.6.0\myrepo\org\slf4j\slf4j-api\1.7.25\slf4j-api-1.7.25.jar;E:\apache-maven-3.6.0\myrepo\junit\junit\4.12\junit-4.12.jar;E:\apache-maven-3.6.0\myrepo\org\assertj\assertj-core\3.9.1\assertj-core-3.9.1.jar;E:\apache-maven-3.6.0\myrepo\org\mockito\mockito-core\2.15.0\mockito-core-2.15.0.jar;E:\apache-maven-3.6.0\myrepo\net\bytebuddy\byte-buddy\1.7.11\byte-buddy-1.7.11.jar;E:\apache-maven-3.6.0\myrepo\net\bytebuddy\byte-buddy-agent\1.7.11\byte-buddy-agent-1.7.11.jar;E:\apache-maven-3.6.0\myrepo\org\objenesis\objenesis\2.6\objenesis-2.6.jar;E:\apache-maven-3.6.0\myrepo\org\hamcrest\hamcrest-core\1.3\hamcrest-core-1.3.jar;E:\apache-maven-3.6.0\myrepo\org\hamcrest\hamcrest-library\1.3\hamcrest-library-1.3.jar;E:\apache-maven-3.6.0\myrepo\org\skyscreamer\jsonassert\1.5.0\jsonassert-1.5.0.jar;E:\apache-maven-3.6.0\myrepo\com\vaadin\external\google\android-json\0.0.20131108.vaadin1\android-json-0.0.20131108.vaadin1.jar;E:\apache-maven-3.6.0\myrepo\org\springframework\spring-core\5.0.9.RELEASE\spring-core-5.0.9.RELEASE.jar;E:\apache-maven-3.6.0\myrepo\org\springframework\spring-jcl\5.0.9.RELEASE\spring-jcl-5.0.9.RELEASE.jar;E:\apache-maven-3.6.0\myrepo\org\springframework\spring-test\5.0.9.RELEASE\spring-test-5.0.9.RELEASE.jar;E:\apache-maven-3.6.0\myrepo\org\xmlunit\xmlunit-core\2.5.1\xmlunit-core-2.5.1.jar;"/>
    <property name="java.vm.vendor" value="Oracle Corporation"/>
    <property name="sun.arch.data.model" value="64"/>
    <property name="user.variant" value=""/>
    <property name="java.vendor.url" value="http://java.oracle.com/"/>
    <property name="user.timezone" value=""/>
    <property name="java.vm.specification.version" value="1.8"/>
    <property name="os.name" value="Windows 10"/>
    <property name="user.country" value="CN"/>
    <property name="sun.java.launcher" value="SUN_STANDARD"/>
    <property name="sun.boot.library.path" value="C:\Program Files\Java\jdk1.8.0_201\jre\bin"/>
    <property name="sun.java.command" value="C:\Users\Shinelon\AppData\Local\Temp\surefire4702401754143529145\surefirebooter8761350667214585099.jar C:\Users\Shinelon\AppData\Local\Temp\surefire4702401754143529145 2019-04-13T09-27-38_942-jvmRun1 surefire6648158193782123839tmp surefire_01993687685566646061tmp"/>
    <property name="surefire.test.class.path" value="E:\IDEAprojects\actuatorDemo\target\test-classes;E:\IDEAprojects\actuatorDemo\target\classes;E:\apache-maven-3.6.0\myrepo\org\springframework\boot\spring-boot-starter-web\2.0.5.RELEASE\spring-boot-starter-web-2.0.5.RELEASE.jar;E:\apache-maven-3.6.0\myrepo\org\springframework\boot\spring-boot-starter\2.0.5.RELEASE\spring-boot-starter-2.0.5.RELEASE.jar;E:\apache-maven-3.6.0\myrepo\org\springframework\boot\spring-boot\2.0.5.RELEASE\spring-boot-2.0.5.RELEASE.jar;E:\apache-maven-3.6.0\myrepo\org\springframework\boot\spring-boot-autoconfigure\2.0.5.RELEASE\spring-boot-autoconfigure-2.0.5.RELEASE.jar;E:\apache-maven-3.6.0\myrepo\org\springframework\boot\spring-boot-starter-logging\2.0.5.RELEASE\spring-boot-starter-logging-2.0.5.RELEASE.jar;E:\apache-maven-3.6.0\myrepo\ch\qos\logback\logback-classic\1.2.3\logback-classic-1.2.3.jar;E:\apache-maven-3.6.0\myrepo\ch\qos\logback\logback-core\1.2.3\logback-core-1.2.3.jar;E:\apache-maven-3.6.0\myrepo\org\apache\logging\log4j\log4j-to-slf4j\2.10.0\log4j-to-slf4j-2.10.0.jar;E:\apache-maven-3.6.0\myrepo\org\apache\logging\log4j\log4j-api\2.10.0\log4j-api-2.10.0.jar;E:\apache-maven-3.6.0\myrepo\org\slf4j\jul-to-slf4j\1.7.25\jul-to-slf4j-1.7.25.jar;E:\apache-maven-3.6.0\myrepo\javax\annotation\javax.annotation-api\1.3.2\javax.annotation-api-1.3.2.jar;E:\apache-maven-3.6.0\myrepo\org\yaml\snakeyaml\1.19\snakeyaml-1.19.jar;E:\apache-maven-3.6.0\myrepo\org\springframework\boot\spring-boot-starter-json\2.0.5.RELEASE\spring-boot-starter-json-2.0.5.RELEASE.jar;E:\apache-maven-3.6.0\myrepo\com\fasterxml\jackson\core\jackson-databind\2.9.6\jackson-databind-2.9.6.jar;E:\apache-maven-3.6.0\myrepo\com\fasterxml\jackson\core\jackson-annotations\2.9.0\jackson-annotations-2.9.0.jar;E:\apache-maven-3.6.0\myrepo\com\fasterxml\jackson\core\jackson-core\2.9.6\jackson-core-2.9.6.jar;E:\apache-maven-3.6.0\myrepo\com\fasterxml\jackson\datatype\jackson-datatype-jdk8\2.9.6\jackson-datatype-jdk8-2.9.6.jar;E:\apache-maven-3.6.0\myrepo\com\fasterxml\jackson\datatype\jackson-datatype-jsr310\2.9.6\jackson-datatype-jsr310-2.9.6.jar;E:\apache-maven-3.6.0\myrepo\com\fasterxml\jackson\module\jackson-module-parameter-names\2.9.6\jackson-module-parameter-names-2.9.6.jar;E:\apache-maven-3.6.0\myrepo\org\springframework\boot\spring-boot-starter-tomcat\2.0.5.RELEASE\spring-boot-starter-tomcat-2.0.5.RELEASE.jar;E:\apache-maven-3.6.0\myrepo\org\apache\tomcat\embed\tomcat-embed-core\8.5.34\tomcat-embed-core-8.5.34.jar;E:\apache-maven-3.6.0\myrepo\org\apache\tomcat\embed\tomcat-embed-el\8.5.34\tomcat-embed-el-8.5.34.jar;E:\apache-maven-3.6.0\myrepo\org\apache\tomcat\embed\tomcat-embed-websocket\8.5.34\tomcat-embed-websocket-8.5.34.jar;E:\apache-maven-3.6.0\myrepo\org\hibernate\validator\hibernate-validator\6.0.12.Final\hibernate-validator-6.0.12.Final.jar;E:\apache-maven-3.6.0\myrepo\javax\validation\validation-api\2.0.1.Final\validation-api-2.0.1.Final.jar;E:\apache-maven-3.6.0\myrepo\org\jboss\logging\jboss-logging\3.3.2.Final\jboss-logging-3.3.2.Final.jar;E:\apache-maven-3.6.0\myrepo\com\fasterxml\classmate\1.3.4\classmate-1.3.4.jar;E:\apache-maven-3.6.0\myrepo\org\springframework\spring-web\5.0.9.RELEASE\spring-web-5.0.9.RELEASE.jar;E:\apache-maven-3.6.0\myrepo\org\springframework\spring-beans\5.0.9.RELEASE\spring-beans-5.0.9.RELEASE.jar;E:\apache-maven-3.6.0\myrepo\org\springframework\spring-webmvc\5.0.9.RELEASE\spring-webmvc-5.0.9.RELEASE.jar;E:\apache-maven-3.6.0\myrepo\org\springframework\spring-aop\5.0.9.RELEASE\spring-aop-5.0.9.RELEASE.jar;E:\apache-maven-3.6.0\myrepo\org\springframework\spring-context\5.0.9.RELEASE\spring-context-5.0.9.RELEASE.jar;E:\apache-maven-3.6.0\myrepo\org\springframework\spring-expression\5.0.9.RELEASE\spring-expression-5.0.9.RELEASE.jar;E:\apache-maven-3.6.0\myrepo\org\springframework\boot\spring-boot-starter-actuator\2.0.5.RELEASE\spring-boot-starter-actuator-2.0.5.RELEASE.jar;E:\apache-maven-3.6.0\myrepo\org\springframework\boot\spring-boot-actuator-autoconfigure\2.0.5.RELEASE\spring-boot-actuator-autoconfigure-2.0.5.RELEASE.jar;E:\apache-maven-3.6.0\myrepo\org\springframework\boot\spring-boot-actuator\2.0.5.RELEASE\spring-boot-actuator-2.0.5.RELEASE.jar;E:\apache-maven-3.6.0\myrepo\io\micrometer\micrometer-core\1.0.6\micrometer-core-1.0.6.jar;E:\apache-maven-3.6.0\myrepo\org\hdrhistogram\HdrHistogram\2.1.10\HdrHistogram-2.1.10.jar;E:\apache-maven-3.6.0\myrepo\org\latencyutils\LatencyUtils\2.0.3\LatencyUtils-2.0.3.jar;E:\apache-maven-3.6.0\myrepo\org\springframework\boot\spring-boot-starter-test\2.0.5.RELEASE\spring-boot-starter-test-2.0.5.RELEASE.jar;E:\apache-maven-3.6.0\myrepo\org\springframework\boot\spring-boot-test\2.0.5.RELEASE\spring-boot-test-2.0.5.RELEASE.jar;E:\apache-maven-3.6.0\myrepo\org\springframework\boot\spring-boot-test-autoconfigure\2.0.5.RELEASE\spring-boot-test-autoconfigure-2.0.5.RELEASE.jar;E:\apache-maven-3.6.0\myrepo\com\jayway\jsonpath\json-path\2.4.0\json-path-2.4.0.jar;E:\apache-maven-3.6.0\myrepo\net\minidev\json-smart\2.3\json-smart-2.3.jar;E:\apache-maven-3.6.0\myrepo\net\minidev\accessors-smart\1.2\accessors-smart-1.2.jar;E:\apache-maven-3.6.0\myrepo\org\ow2\asm\asm\5.0.4\asm-5.0.4.jar;E:\apache-maven-3.6.0\myrepo\org\slf4j\slf4j-api\1.7.25\slf4j-api-1.7.25.jar;E:\apache-maven-3.6.0\myrepo\junit\junit\4.12\junit-4.12.jar;E:\apache-maven-3.6.0\myrepo\org\assertj\assertj-core\3.9.1\assertj-core-3.9.1.jar;E:\apache-maven-3.6.0\myrepo\org\mockito\mockito-core\2.15.0\mockito-core-2.15.0.jar;E:\apache-maven-3.6.0\myrepo\net\bytebuddy\byte-buddy\1.7.11\byte-buddy-1.7.11.jar;E:\apache-maven-3.6.0\myrepo\net\bytebuddy\byte-buddy-agent\1.7.11\byte-buddy-agent-1.7.11.jar;E:\apache-maven-3.6.0\myrepo\org\objenesis\objenesis\2.6\objenesis-2.6.jar;E:\apache-maven-3.6.0\myrepo\org\hamcrest\hamcrest-core\1.3\hamcrest-core-1.3.jar;E:\apache-maven-3.6.0\myrepo\org\hamcrest\hamcrest-library\1.3\hamcrest-library-1.3.jar;E:\apache-maven-3.6.0\myrepo\org\skyscreamer\jsonassert\1.5.0\jsonassert-1.5.0.jar;E:\apache-maven-3.6.0\myrepo\com\vaadin\external\google\android-json\0.0.20131108.vaadin1\android-json-0.0.20131108.vaadin1.jar;E:\apache-maven-3.6.0\myrepo\org\springframework\spring-core\5.0.9.RELEASE\spring-core-5.0.9.RELEASE.jar;E:\apache-maven-3.6.0\myrepo\org\springframework\spring-jcl\5.0.9.RELEASE\spring-jcl-5.0.9.RELEASE.jar;E:\apache-maven-3.6.0\myrepo\org\springframework\spring-test\5.0.9.RELEASE\spring-test-5.0.9.RELEASE.jar;E:\apache-maven-3.6.0\myrepo\org\xmlunit\xmlunit-core\2.5.1\xmlunit-core-2.5.1.jar;"/>
    <property name="sun.cpu.endian" value="little"/>
    <property name="user.home" value="C:\Users\Shinelon"/>
    <property name="user.language" value="zh"/>
    <property name="java.specification.vendor" value="Oracle Corporation"/>
    <property name="java.home" value="C:\Program Files\Java\jdk1.8.0_201\jre"/>
    <property name="basedir" value="E:\IDEAprojects\actuatorDemo"/>
    <property name="file.separator" value="\"/>
    <property name="line.separator" value="&#10;"/>
    <property name="java.vm.specification.vendor" value="Oracle Corporation"/>
    <property name="java.specification.name" value="Java Platform API Specification"/>
    <property name="java.awt.graphicsenv" value="sun.awt.Win32GraphicsEnvironment"/>
    <property name="surefire.real.class.path" value="C:\Users\Shinelon\AppData\Local\Temp\surefire4702401754143529145\surefirebooter8761350667214585099.jar"/>
    <property name="sun.boot.class.path" value="C:\Program Files\Java\jdk1.8.0_201\jre\lib\resources.jar;C:\Program Files\Java\jdk1.8.0_201\jre\lib\rt.jar;C:\Program Files\Java\jdk1.8.0_201\jre\lib\sunrsasign.jar;C:\Program Files\Java\jdk1.8.0_201\jre\lib\jsse.jar;C:\Program Files\Java\jdk1.8.0_201\jre\lib\jce.jar;C:\Program Files\Java\jdk1.8.0_201\jre\lib\charsets.jar;C:\Program Files\Java\jdk1.8.0_201\jre\lib\jfr.jar;C:\Program Files\Java\jdk1.8.0_201\jre\classes"/>
    <property name="user.script" value=""/>
    <property name="sun.management.compiler" value="HotSpot 64-Bit Tiered Compilers"/>
    <property name="java.runtime.version" value="1.8.0_201-b09"/>
    <property name="user.name" value="Shinelon"/>
    <property name="path.separator" value=";"/>
    <property name="os.version" value="10.0"/>
    <property name="java.endorsed.dirs" value="C:\Program Files\Java\jdk1.8.0_201\jre\lib\endorsed"/>
    <property name="java.runtime.name" value="Java(TM) SE Runtime Environment"/>
    <property name="file.encoding" value="GBK"/>
    <property name="java.vm.name" value="Java HotSpot(TM) 64-Bit Server VM"/>
    <property name="localRepository" value="E:\apache-maven-3.6.0\myrepo"/>
    <property name="java.vendor.url.bug" value="http://bugreport.sun.com/bugreport/"/>
    <property name="java.io.tmpdir" value="C:\Users\Shinelon\AppData\Local\Temp\"/>
    <property name="java.version" value="1.8.0_201"/>
    <property name="user.dir" value="E:\IDEAprojects\actuatorDemo"/>
    <property name="os.arch" value="amd64"/>
    <property name="java.vm.specification.name" value="Java Virtual Machine Specification"/>
    <property name="java.awt.printerjob" value="sun.awt.windows.WPrinterJob"/>
    <property name="sun.os.patch.level" value=""/>
    <property name="java.library.path" value="C:\Program Files\Java\jdk1.8.0_201\jre\bin;C:\WINDOWS\Sun\Java\bin;C:\WINDOWS\system32;C:\WINDOWS;H:\python\Lib\site-packages\PyQt4;C:\Program Files (x86)\Intel\iCLS Client\;C:\Program Files\Intel\iCLS Client\;C:\Windows\system32;C:\Windows;C:\Windows\System32\Wbem;C:\Windows\System32\WindowsPowerShell\v1.0\;C:\Program Files\Intel\WiFi\bin\;C:\Program Files\Common Files\Intel\WirelessCommon\;C:\Program Files (x86)\Intel\Intel(R) Management Engine Components\DAL;C:\Program Files\Intel\Intel(R) Management Engine Components\DAL;C:\Program Files (x86)\Intel\Intel(R) Management Engine Components\IPT;C:\Program Files\Intel\Intel(R) Management Engine Components\IPT;C:\Program Files (x86)\NVIDIA Corporation\PhysX\Common;C:\Python27;C:\Python27\DLLs;C:\Python27\Scripts;H:\python\gnuplot\binary;H:\python\pythonxy\SciTE-3.3.2-3;H:\python\pythonxy\console;C:\MinGW32-xy\bin;C:\WINDOWS\system32;C:\WINDOWS;C:\WINDOWS\System32\Wbem;C:\WINDOWS\System32\WindowsPowerShell\v1.0\;C:\Program Files\dotnet\;C:\LLVM\bin;C:\TDM-GCC-64\bin;C:\LLVM\x86_64-w64-mingw32\bin;C:\WINDOWS\System32\OpenSSH\;C:\Program Files\Microsoft VS Code\bin;C:\Program Files\Git\cmd;C:\Program Files\nodejs\;E:\Gradle\gradle-5.2.1\bin;E:\Microsoft VS Code\bin;E:\mysql-8.0.11-winx64\bin;E:\apache-tomcat-9.0.17\bin;E:\apache-tomcat-9.0.17\lib;C:\Program Files\Intel\WiFi\bin\;C:\Program Files\Common Files\Intel\WirelessCommon\;C:\Users\Shinelon\AppData\Local\Microsoft\WindowsApps;C:\Program Files\Microsoft VS Code\bin;C:\Users\Shinelon\AppData\Roaming\npm;C:\Program Files\Java\jdk1.8.0_201\bin;C:\Program Files\Java\jdk1.8.0_201\jre\bin;E:\apache-maven-3.6.0\bin;E:\IntelliJ IDEA 2019.1\bin;;E:\Microsoft VS Code\bin;E:\mysql-8.0.11-winx64\bin;E:\WebStorm 2018.3.5\bin;;E:\apache-tomcat-9.0.17\bin;E:\apache-tomcat-9.0.17\lib;;."/>
    <property name="java.vm.info" value="mixed mode"/>
    <property name="java.vendor" value="Oracle Corporation"/>
    <property name="java.vm.version" value="25.201-b09"/>
    <property name="java.ext.dirs" value="C:\Program Files\Java\jdk1.8.0_201\jre\lib\ext;C:\WINDOWS\Sun\Java\lib\ext"/>
    <property name="sun.io.unicode.encoding" value="UnicodeLittle"/>
    <property name="java.class.version" value="52.0"/>
  </properties>
  <testcase name="shouldReturn200WhenSendingRequestToManagementEndpoint" classname="hello.HelloWorldApplicationTest" time="1.078"/>
  <testcase name="shouldReturn200WhenSendingRequestToController" classname="hello.HelloWorldApplicationTest" time="0.078"/>
</testsuite>